nohup: ignoring input
/home/lgcorzo/mlops-python-package/.venv/lib/python3.12/site-packages/mlflow/pyfunc/utils/data_validation.py:168: UserWarning: [33mAdd type hints to the `predict` method to enable data validation and automatic signature inference during model logging. Check https://mlflow.org/docs/latest/model/python_model.html#type-hint-usage-in-pythonmodel for more details.[0m
  color_warning(
2026/02/06 16:19:41 INFO mlflow.tracking.fluent: Autologging successfully enabled for sklearn.
2026/02/06 16:19:41 INFO mlflow.bedrock: Enabled auto-tracing for Bedrock. Note that MLflow can only trace boto3 service clients that are created after this call. If you have already created one, please recreate the client by calling `boto3.client`.
2026/02/06 16:19:41 INFO mlflow.tracking.fluent: Autologging successfully enabled for boto3.
2026-02-06 16:19:41,284 - INFO - Found credentials in environment variables.
/home/lgcorzo/mlops-python-package/.venv/lib/python3.12/site-packages/urllib3/connectionpool.py:1097: InsecureRequestWarning: Unverified HTTPS request is being made to host 'minio.storage.svc.cluster.local'. Adding certificate verification is strongly advised. See: https://urllib3.readthedocs.io/en/latest/advanced-usage.html#tls-warnings
  warnings.warn(
/home/lgcorzo/mlops-python-package/.venv/lib/python3.12/site-packages/urllib3/connectionpool.py:1097: InsecureRequestWarning: Unverified HTTPS request is being made to host 'minio.storage.svc.cluster.local'. Adding certificate verification is strongly advised. See: https://urllib3.readthedocs.io/en/latest/advanced-usage.html#tls-warnings
  warnings.warn(
/home/lgcorzo/mlops-python-package/.venv/lib/python3.12/site-packages/urllib3/connectionpool.py:1097: InsecureRequestWarning: Unverified HTTPS request is being made to host 'minio.storage.svc.cluster.local'. Adding certificate verification is strongly advised. See: https://urllib3.readthedocs.io/en/latest/advanced-usage.html#tls-warnings
  warnings.warn(
/home/lgcorzo/mlops-python-package/.venv/lib/python3.12/site-packages/urllib3/connectionpool.py:1097: InsecureRequestWarning: Unverified HTTPS request is being made to host 'minio.storage.svc.cluster.local'. Adding certificate verification is strongly advised. See: https://urllib3.readthedocs.io/en/latest/advanced-usage.html#tls-warnings
  warnings.warn(
/home/lgcorzo/mlops-python-package/.venv/lib/python3.12/site-packages/urllib3/connectionpool.py:1097: InsecureRequestWarning: Unverified HTTPS request is being made to host 'minio.storage.svc.cluster.local'. Adding certificate verification is strongly advised. See: https://urllib3.readthedocs.io/en/latest/advanced-usage.html#tls-warnings
  warnings.warn(
/home/lgcorzo/mlops-python-package/.venv/lib/python3.12/site-packages/urllib3/connectionpool.py:1097: InsecureRequestWarning: Unverified HTTPS request is being made to host 'minio.storage.svc.cluster.local'. Adding certificate verification is strongly advised. See: https://urllib3.readthedocs.io/en/latest/advanced-usage.html#tls-warnings
  warnings.warn(
/home/lgcorzo/mlops-python-package/.venv/lib/python3.12/site-packages/urllib3/connectionpool.py:1097: InsecureRequestWarning: Unverified HTTPS request is being made to host 'minio.storage.svc.cluster.local'. Adding certificate verification is strongly advised. See: https://urllib3.readthedocs.io/en/latest/advanced-usage.html#tls-warnings
  warnings.warn(
/home/lgcorzo/mlops-python-package/.venv/lib/python3.12/site-packages/urllib3/connectionpool.py:1097: InsecureRequestWarning: Unverified HTTPS request is being made to host 'minio.storage.svc.cluster.local'. Adding certificate verification is strongly advised. See: https://urllib3.readthedocs.io/en/latest/advanced-usage.html#tls-warnings
  warnings.warn(
/home/lgcorzo/mlops-python-package/.venv/lib/python3.12/site-packages/urllib3/connectionpool.py:1097: InsecureRequestWarning: Unverified HTTPS request is being made to host 'minio.storage.svc.cluster.local'. Adding certificate verification is strongly advised. See: https://urllib3.readthedocs.io/en/latest/advanced-usage.html#tls-warnings
  warnings.warn(
/home/lgcorzo/mlops-python-package/.venv/lib/python3.12/site-packages/urllib3/connectionpool.py:1097: InsecureRequestWarning: Unverified HTTPS request is being made to host 'minio.storage.svc.cluster.local'. Adding certificate verification is strongly advised. See: https://urllib3.readthedocs.io/en/latest/advanced-usage.html#tls-warnings
  warnings.warn(
/home/lgcorzo/mlops-python-package/.venv/lib/python3.12/site-packages/urllib3/connectionpool.py:1097: InsecureRequestWarning: Unverified HTTPS request is being made to host 'minio.storage.svc.cluster.local'. Adding certificate verification is strongly advised. See: https://urllib3.readthedocs.io/en/latest/advanced-usage.html#tls-warnings
  warnings.warn(
/home/lgcorzo/mlops-python-package/.venv/lib/python3.12/site-packages/urllib3/connectionpool.py:1097: InsecureRequestWarning: Unverified HTTPS request is being made to host 'minio.storage.svc.cluster.local'. Adding certificate verification is strongly advised. See: https://urllib3.readthedocs.io/en/latest/advanced-usage.html#tls-warnings
  warnings.warn(
/home/lgcorzo/mlops-python-package/.venv/lib/python3.12/site-packages/urllib3/connectionpool.py:1097: InsecureRequestWarning: Unverified HTTPS request is being made to host 'minio.storage.svc.cluster.local'. Adding certificate verification is strongly advised. See: https://urllib3.readthedocs.io/en/latest/advanced-usage.html#tls-warnings
  warnings.warn(
/home/lgcorzo/mlops-python-package/.venv/lib/python3.12/site-packages/urllib3/connectionpool.py:1097: InsecureRequestWarning: Unverified HTTPS request is being made to host 'minio.storage.svc.cluster.local'. Adding certificate verification is strongly advised. See: https://urllib3.readthedocs.io/en/latest/advanced-usage.html#tls-warnings
  warnings.warn(
Downloading artifacts:   0%|          | 0/8 [00:00<?, ?it/s]/home/lgcorzo/mlops-python-package/.venv/lib/python3.12/site-packages/urllib3/connectionpool.py:1097: InsecureRequestWarning: Unverified HTTPS request is being made to host 'minio.storage.svc.cluster.local'. Adding certificate verification is strongly advised. See: https://urllib3.readthedocs.io/en/latest/advanced-usage.html#tls-warnings
  warnings.warn(
Downloading artifacts:  12%|█▎        | 1/8 [00:00<00:00, 8756.38it/s]/home/lgcorzo/mlops-python-package/.venv/lib/python3.12/site-packages/urllib3/connectionpool.py:1097: InsecureRequestWarning: Unverified HTTPS request is being made to host 'minio.storage.svc.cluster.local'. Adding certificate verification is strongly advised. See: https://urllib3.readthedocs.io/en/latest/advanced-usage.html#tls-warnings
  warnings.warn(
/home/lgcorzo/mlops-python-package/.venv/lib/python3.12/site-packages/urllib3/connectionpool.py:1097: InsecureRequestWarning: Unverified HTTPS request is being made to host 'minio.storage.svc.cluster.local'. Adding certificate verification is strongly advised. See: https://urllib3.readthedocs.io/en/latest/advanced-usage.html#tls-warnings
  warnings.warn(
/home/lgcorzo/mlops-python-package/.venv/lib/python3.12/site-packages/urllib3/connectionpool.py:1097: InsecureRequestWarning: Unverified HTTPS request is being made to host 'minio.storage.svc.cluster.local'. Adding certificate verification is strongly advised. See: https://urllib3.readthedocs.io/en/latest/advanced-usage.html#tls-warnings
  warnings.warn(
/home/lgcorzo/mlops-python-package/.venv/lib/python3.12/site-packages/urllib3/connectionpool.py:1097: InsecureRequestWarning: Unverified HTTPS request is being made to host 'minio.storage.svc.cluster.local'. Adding certificate verification is strongly advised. See: https://urllib3.readthedocs.io/en/latest/advanced-usage.html#tls-warnings
  warnings.warn(
/home/lgcorzo/mlops-python-package/.venv/lib/python3.12/site-packages/urllib3/connectionpool.py:1097: InsecureRequestWarning: Unverified HTTPS request is being made to host 'minio.storage.svc.cluster.local'. Adding certificate verification is strongly advised. See: https://urllib3.readthedocs.io/en/latest/advanced-usage.html#tls-warnings
  warnings.warn(
/home/lgcorzo/mlops-python-package/.venv/lib/python3.12/site-packages/urllib3/connectionpool.py:1097: InsecureRequestWarning: Unverified HTTPS request is being made to host 'minio.storage.svc.cluster.local'. Adding certificate verification is strongly advised. See: https://urllib3.readthedocs.io/en/latest/advanced-usage.html#tls-warnings
  warnings.warn(
Downloading artifacts:  25%|██▌       | 2/8 [00:00<00:00, 62.80it/s]  /home/lgcorzo/mlops-python-package/.venv/lib/python3.12/site-packages/urllib3/connectionpool.py:1097: InsecureRequestWarning: Unverified HTTPS request is being made to host 'minio.storage.svc.cluster.local'. Adding certificate verification is strongly advised. See: https://urllib3.readthedocs.io/en/latest/advanced-usage.html#tls-warnings
  warnings.warn(
/home/lgcorzo/mlops-python-package/.venv/lib/python3.12/site-packages/urllib3/connectionpool.py:1097: InsecureRequestWarning: Unverified HTTPS request is being made to host 'minio.storage.svc.cluster.local'. Adding certificate verification is strongly advised. See: https://urllib3.readthedocs.io/en/latest/advanced-usage.html#tls-warnings
  warnings.warn(
/home/lgcorzo/mlops-python-package/.venv/lib/python3.12/site-packages/urllib3/connectionpool.py:1097: InsecureRequestWarning: Unverified HTTPS request is being made to host 'minio.storage.svc.cluster.local'. Adding certificate verification is strongly advised. See: https://urllib3.readthedocs.io/en/latest/advanced-usage.html#tls-warnings
  warnings.warn(
/home/lgcorzo/mlops-python-package/.venv/lib/python3.12/site-packages/urllib3/connectionpool.py:1097: InsecureRequestWarning: Unverified HTTPS request is being made to host 'minio.storage.svc.cluster.local'. Adding certificate verification is strongly advised. See: https://urllib3.readthedocs.io/en/latest/advanced-usage.html#tls-warnings
  warnings.warn(
Downloading artifacts:  38%|███▊      | 3/8 [00:00<00:00, 37.42it/s]/home/lgcorzo/mlops-python-package/.venv/lib/python3.12/site-packages/urllib3/connectionpool.py:1097: InsecureRequestWarning: Unverified HTTPS request is being made to host 'minio.storage.svc.cluster.local'. Adding certificate verification is strongly advised. See: https://urllib3.readthedocs.io/en/latest/advanced-usage.html#tls-warnings
  warnings.warn(
/home/lgcorzo/mlops-python-package/.venv/lib/python3.12/site-packages/urllib3/connectionpool.py:1097: InsecureRequestWarning: Unverified HTTPS request is being made to host 'minio.storage.svc.cluster.local'. Adding certificate verification is strongly advised. See: https://urllib3.readthedocs.io/en/latest/advanced-usage.html#tls-warnings
  warnings.warn(
/home/lgcorzo/mlops-python-package/.venv/lib/python3.12/site-packages/urllib3/connectionpool.py:1097: InsecureRequestWarning: Unverified HTTPS request is being made to host 'minio.storage.svc.cluster.local'. Adding certificate verification is strongly advised. See: https://urllib3.readthedocs.io/en/latest/advanced-usage.html#tls-warnings
  warnings.warn(
/home/lgcorzo/mlops-python-package/.venv/lib/python3.12/site-packages/urllib3/connectionpool.py:1097: InsecureRequestWarning: Unverified HTTPS request is being made to host 'minio.storage.svc.cluster.local'. Adding certificate verification is strongly advised. See: https://urllib3.readthedocs.io/en/latest/advanced-usage.html#tls-warnings
  warnings.warn(
/home/lgcorzo/mlops-python-package/.venv/lib/python3.12/site-packages/urllib3/connectionpool.py:1097: InsecureRequestWarning: Unverified HTTPS request is being made to host 'minio.storage.svc.cluster.local'. Adding certificate verification is strongly advised. See: https://urllib3.readthedocs.io/en/latest/advanced-usage.html#tls-warnings
  warnings.warn(
/home/lgcorzo/mlops-python-package/.venv/lib/python3.12/site-packages/urllib3/connectionpool.py:1097: InsecureRequestWarning: Unverified HTTPS request is being made to host 'minio.storage.svc.cluster.local'. Adding certificate verification is strongly advised. See: https://urllib3.readthedocs.io/en/latest/advanced-usage.html#tls-warnings
  warnings.warn(
/home/lgcorzo/mlops-python-package/.venv/lib/python3.12/site-packages/urllib3/connectionpool.py:1097: InsecureRequestWarning: Unverified HTTPS request is being made to host 'minio.storage.svc.cluster.local'. Adding certificate verification is strongly advised. See: https://urllib3.readthedocs.io/en/latest/advanced-usage.html#tls-warnings
  warnings.warn(
/home/lgcorzo/mlops-python-package/.venv/lib/python3.12/site-packages/urllib3/connectionpool.py:1097: InsecureRequestWarning: Unverified HTTPS request is being made to host 'minio.storage.svc.cluster.local'. Adding certificate verification is strongly advised. See: https://urllib3.readthedocs.io/en/latest/advanced-usage.html#tls-warnings
  warnings.warn(
/home/lgcorzo/mlops-python-package/.venv/lib/python3.12/site-packages/urllib3/connectionpool.py:1097: InsecureRequestWarning: Unverified HTTPS request is being made to host 'minio.storage.svc.cluster.local'. Adding certificate verification is strongly advised. See: https://urllib3.readthedocs.io/en/latest/advanced-usage.html#tls-warnings
  warnings.warn(
/home/lgcorzo/mlops-python-package/.venv/lib/python3.12/site-packages/urllib3/connectionpool.py:1097: InsecureRequestWarning: Unverified HTTPS request is being made to host 'minio.storage.svc.cluster.local'. Adding certificate verification is strongly advised. See: https://urllib3.readthedocs.io/en/latest/advanced-usage.html#tls-warnings
  warnings.warn(
Downloading artifacts:  50%|█████     | 4/8 [00:00<00:00, 26.95it/s]Downloading artifacts:  50%|█████     | 4/8 [00:00<00:00, 26.95it/s]/home/lgcorzo/mlops-python-package/.venv/lib/python3.12/site-packages/urllib3/connectionpool.py:1097: InsecureRequestWarning: Unverified HTTPS request is being made to host 'minio.storage.svc.cluster.local'. Adding certificate verification is strongly advised. See: https://urllib3.readthedocs.io/en/latest/advanced-usage.html#tls-warnings
  warnings.warn(
Downloading artifacts:  62%|██████▎   | 5/8 [00:00<00:00, 26.95it/s]Downloading artifacts:  75%|███████▌  | 6/8 [00:00<00:00, 26.95it/s]/home/lgcorzo/mlops-python-package/.venv/lib/python3.12/site-packages/urllib3/connectionpool.py:1097: InsecureRequestWarning: Unverified HTTPS request is being made to host 'minio.storage.svc.cluster.local'. Adding certificate verification is strongly advised. See: https://urllib3.readthedocs.io/en/latest/advanced-usage.html#tls-warnings
  warnings.warn(
/home/lgcorzo/mlops-python-package/.venv/lib/python3.12/site-packages/urllib3/connectionpool.py:1097: InsecureRequestWarning: Unverified HTTPS request is being made to host 'minio.storage.svc.cluster.local'. Adding certificate verification is strongly advised. See: https://urllib3.readthedocs.io/en/latest/advanced-usage.html#tls-warnings
  warnings.warn(
/home/lgcorzo/mlops-python-package/.venv/lib/python3.12/site-packages/urllib3/connectionpool.py:1097: InsecureRequestWarning: Unverified HTTPS request is being made to host 'minio.storage.svc.cluster.local'. Adding certificate verification is strongly advised. See: https://urllib3.readthedocs.io/en/latest/advanced-usage.html#tls-warnings
  warnings.warn(
/home/lgcorzo/mlops-python-package/.venv/lib/python3.12/site-packages/urllib3/connectionpool.py:1097: InsecureRequestWarning: Unverified HTTPS request is being made to host 'minio.storage.svc.cluster.local'. Adding certificate verification is strongly advised. See: https://urllib3.readthedocs.io/en/latest/advanced-usage.html#tls-warnings
  warnings.warn(
/home/lgcorzo/mlops-python-package/.venv/lib/python3.12/site-packages/urllib3/connectionpool.py:1097: InsecureRequestWarning: Unverified HTTPS request is being made to host 'minio.storage.svc.cluster.local'. Adding certificate verification is strongly advised. See: https://urllib3.readthedocs.io/en/latest/advanced-usage.html#tls-warnings
  warnings.warn(
/home/lgcorzo/mlops-python-package/.venv/lib/python3.12/site-packages/urllib3/connectionpool.py:1097: InsecureRequestWarning: Unverified HTTPS request is being made to host 'minio.storage.svc.cluster.local'. Adding certificate verification is strongly advised. See: https://urllib3.readthedocs.io/en/latest/advanced-usage.html#tls-warnings
  warnings.warn(
/home/lgcorzo/mlops-python-package/.venv/lib/python3.12/site-packages/urllib3/connectionpool.py:1097: InsecureRequestWarning: Unverified HTTPS request is being made to host 'minio.storage.svc.cluster.local'. Adding certificate verification is strongly advised. See: https://urllib3.readthedocs.io/en/latest/advanced-usage.html#tls-warnings
  warnings.warn(
/home/lgcorzo/mlops-python-package/.venv/lib/python3.12/site-packages/urllib3/connectionpool.py:1097: InsecureRequestWarning: Unverified HTTPS request is being made to host 'minio.storage.svc.cluster.local'. Adding certificate verification is strongly advised. See: https://urllib3.readthedocs.io/en/latest/advanced-usage.html#tls-warnings
  warnings.warn(
/home/lgcorzo/mlops-python-package/.venv/lib/python3.12/site-packages/urllib3/connectionpool.py:1097: InsecureRequestWarning: Unverified HTTPS request is being made to host 'minio.storage.svc.cluster.local'. Adding certificate verification is strongly advised. See: https://urllib3.readthedocs.io/en/latest/advanced-usage.html#tls-warnings
  warnings.warn(
/home/lgcorzo/mlops-python-package/.venv/lib/python3.12/site-packages/urllib3/connectionpool.py:1097: InsecureRequestWarning: Unverified HTTPS request is being made to host 'minio.storage.svc.cluster.local'. Adding certificate verification is strongly advised. See: https://urllib3.readthedocs.io/en/latest/advanced-usage.html#tls-warnings
  warnings.warn(
/home/lgcorzo/mlops-python-package/.venv/lib/python3.12/site-packages/urllib3/connectionpool.py:1097: InsecureRequestWarning: Unverified HTTPS request is being made to host 'minio.storage.svc.cluster.local'. Adding certificate verification is strongly advised. See: https://urllib3.readthedocs.io/en/latest/advanced-usage.html#tls-warnings
  warnings.warn(
/home/lgcorzo/mlops-python-package/.venv/lib/python3.12/site-packages/urllib3/connectionpool.py:1097: InsecureRequestWarning: Unverified HTTPS request is being made to host 'minio.storage.svc.cluster.local'. Adding certificate verification is strongly advised. See: https://urllib3.readthedocs.io/en/latest/advanced-usage.html#tls-warnings
  warnings.warn(
/home/lgcorzo/mlops-python-package/.venv/lib/python3.12/site-packages/urllib3/connectionpool.py:1097: InsecureRequestWarning: Unverified HTTPS request is being made to host 'minio.storage.svc.cluster.local'. Adding certificate verification is strongly advised. See: https://urllib3.readthedocs.io/en/latest/advanced-usage.html#tls-warnings
  warnings.warn(
/home/lgcorzo/mlops-python-package/.venv/lib/python3.12/site-packages/urllib3/connectionpool.py:1097: InsecureRequestWarning: Unverified HTTPS request is being made to host 'minio.storage.svc.cluster.local'. Adding certificate verification is strongly advised. See: https://urllib3.readthedocs.io/en/latest/advanced-usage.html#tls-warnings
  warnings.warn(
/home/lgcorzo/mlops-python-package/.venv/lib/python3.12/site-packages/urllib3/connectionpool.py:1097: InsecureRequestWarning: Unverified HTTPS request is being made to host 'minio.storage.svc.cluster.local'. Adding certificate verification is strongly advised. See: https://urllib3.readthedocs.io/en/latest/advanced-usage.html#tls-warnings
  warnings.warn(
/home/lgcorzo/mlops-python-package/.venv/lib/python3.12/site-packages/urllib3/connectionpool.py:1097: InsecureRequestWarning: Unverified HTTPS request is being made to host 'minio.storage.svc.cluster.local'. Adding certificate verification is strongly advised. See: https://urllib3.readthedocs.io/en/latest/advanced-usage.html#tls-warnings
  warnings.warn(
/home/lgcorzo/mlops-python-package/.venv/lib/python3.12/site-packages/urllib3/connectionpool.py:1097: InsecureRequestWarning: Unverified HTTPS request is being made to host 'minio.storage.svc.cluster.local'. Adding certificate verification is strongly advised. See: https://urllib3.readthedocs.io/en/latest/advanced-usage.html#tls-warnings
  warnings.warn(
/home/lgcorzo/mlops-python-package/.venv/lib/python3.12/site-packages/urllib3/connectionpool.py:1097: InsecureRequestWarning: Unverified HTTPS request is being made to host 'minio.storage.svc.cluster.local'. Adding certificate verification is strongly advised. See: https://urllib3.readthedocs.io/en/latest/advanced-usage.html#tls-warnings
  warnings.warn(
/home/lgcorzo/mlops-python-package/.venv/lib/python3.12/site-packages/urllib3/connectionpool.py:1097: InsecureRequestWarning: Unverified HTTPS request is being made to host 'minio.storage.svc.cluster.local'. Adding certificate verification is strongly advised. See: https://urllib3.readthedocs.io/en/latest/advanced-usage.html#tls-warnings
  warnings.warn(
/home/lgcorzo/mlops-python-package/.venv/lib/python3.12/site-packages/urllib3/connectionpool.py:1097: InsecureRequestWarning: Unverified HTTPS request is being made to host 'minio.storage.svc.cluster.local'. Adding certificate verification is strongly advised. See: https://urllib3.readthedocs.io/en/latest/advanced-usage.html#tls-warnings
  warnings.warn(
/home/lgcorzo/mlops-python-package/.venv/lib/python3.12/site-packages/urllib3/connectionpool.py:1097: InsecureRequestWarning: Unverified HTTPS request is being made to host 'minio.storage.svc.cluster.local'. Adding certificate verification is strongly advised. See: https://urllib3.readthedocs.io/en/latest/advanced-usage.html#tls-warnings
  warnings.warn(
/home/lgcorzo/mlops-python-package/.venv/lib/python3.12/site-packages/urllib3/connectionpool.py:1097: InsecureRequestWarning: Unverified HTTPS request is being made to host 'minio.storage.svc.cluster.local'. Adding certificate verification is strongly advised. See: https://urllib3.readthedocs.io/en/latest/advanced-usage.html#tls-warnings
  warnings.warn(
/home/lgcorzo/mlops-python-package/.venv/lib/python3.12/site-packages/urllib3/connectionpool.py:1097: InsecureRequestWarning: Unverified HTTPS request is being made to host 'minio.storage.svc.cluster.local'. Adding certificate verification is strongly advised. See: https://urllib3.readthedocs.io/en/latest/advanced-usage.html#tls-warnings
  warnings.warn(
/home/lgcorzo/mlops-python-package/.venv/lib/python3.12/site-packages/urllib3/connectionpool.py:1097: InsecureRequestWarning: Unverified HTTPS request is being made to host 'minio.storage.svc.cluster.local'. Adding certificate verification is strongly advised. See: https://urllib3.readthedocs.io/en/latest/advanced-usage.html#tls-warnings
  warnings.warn(
/home/lgcorzo/mlops-python-package/.venv/lib/python3.12/site-packages/urllib3/connectionpool.py:1097: InsecureRequestWarning: Unverified HTTPS request is being made to host 'minio.storage.svc.cluster.local'. Adding certificate verification is strongly advised. See: https://urllib3.readthedocs.io/en/latest/advanced-usage.html#tls-warnings
  warnings.warn(
/home/lgcorzo/mlops-python-package/.venv/lib/python3.12/site-packages/urllib3/connectionpool.py:1097: InsecureRequestWarning: Unverified HTTPS request is being made to host 'minio.storage.svc.cluster.local'. Adding certificate verification is strongly advised. See: https://urllib3.readthedocs.io/en/latest/advanced-usage.html#tls-warnings
  warnings.warn(
/home/lgcorzo/mlops-python-package/.venv/lib/python3.12/site-packages/urllib3/connectionpool.py:1097: InsecureRequestWarning: Unverified HTTPS request is being made to host 'minio.storage.svc.cluster.local'. Adding certificate verification is strongly advised. See: https://urllib3.readthedocs.io/en/latest/advanced-usage.html#tls-warnings
  warnings.warn(
/home/lgcorzo/mlops-python-package/.venv/lib/python3.12/site-packages/urllib3/connectionpool.py:1097: InsecureRequestWarning: Unverified HTTPS request is being made to host 'minio.storage.svc.cluster.local'. Adding certificate verification is strongly advised. See: https://urllib3.readthedocs.io/en/latest/advanced-usage.html#tls-warnings
  warnings.warn(
/home/lgcorzo/mlops-python-package/.venv/lib/python3.12/site-packages/urllib3/connectionpool.py:1097: InsecureRequestWarning: Unverified HTTPS request is being made to host 'minio.storage.svc.cluster.local'. Adding certificate verification is strongly advised. See: https://urllib3.readthedocs.io/en/latest/advanced-usage.html#tls-warnings
  warnings.warn(
/home/lgcorzo/mlops-python-package/.venv/lib/python3.12/site-packages/urllib3/connectionpool.py:1097: InsecureRequestWarning: Unverified HTTPS request is being made to host 'minio.storage.svc.cluster.local'. Adding certificate verification is strongly advised. See: https://urllib3.readthedocs.io/en/latest/advanced-usage.html#tls-warnings
  warnings.warn(
2026-02-06 16:19:43,621 - WARNING - Connection pool is full, discarding connection: minio.storage.svc.cluster.local. Connection pool size: 10
2026-02-06 16:19:43,690 - WARNING - Connection pool is full, discarding connection: minio.storage.svc.cluster.local. Connection pool size: 10
2026-02-06 16:19:43,715 - WARNING - Connection pool is full, discarding connection: minio.storage.svc.cluster.local. Connection pool size: 10
2026-02-06 16:19:43,759 - WARNING - Connection pool is full, discarding connection: minio.storage.svc.cluster.local. Connection pool size: 10
2026-02-06 16:19:43,802 - WARNING - Connection pool is full, discarding connection: minio.storage.svc.cluster.local. Connection pool size: 10
2026-02-06 16:19:43,810 - WARNING - Connection pool is full, discarding connection: minio.storage.svc.cluster.local. Connection pool size: 10
2026-02-06 16:19:43,829 - WARNING - Connection pool is full, discarding connection: minio.storage.svc.cluster.local. Connection pool size: 10
2026-02-06 16:19:43,839 - WARNING - Connection pool is full, discarding connection: minio.storage.svc.cluster.local. Connection pool size: 10
2026-02-06 16:19:43,841 - WARNING - Connection pool is full, discarding connection: minio.storage.svc.cluster.local. Connection pool size: 10
2026-02-06 16:19:43,856 - WARNING - Connection pool is full, discarding connection: minio.storage.svc.cluster.local. Connection pool size: 10
2026-02-06 16:19:43,857 - WARNING - Connection pool is full, discarding connection: minio.storage.svc.cluster.local. Connection pool size: 10
2026-02-06 16:19:43,859 - WARNING - Connection pool is full, discarding connection: minio.storage.svc.cluster.local. Connection pool size: 10
Downloading artifacts:  88%|████████▊ | 7/8 [00:02<00:00,  2.95it/s]Downloading artifacts:  88%|████████▊ | 7/8 [00:02<00:00,  2.95it/s]Downloading artifacts: 100%|██████████| 8/8 [00:02<00:00,  2.95it/s]Downloading artifacts: 100%|██████████| 8/8 [00:02<00:00,  3.98it/s]
%4|1770394784.688|CONFWARN|rdkafka#producer-1| [thrd:app]: Configuration property group.id is a consumer property and will be ignored by this producer instance
%4|1770394784.688|CONFWARN|rdkafka#producer-1| [thrd:app]: Configuration property auto.offset.reset is a consumer property and will be ignored by this producer instance
2026-02-06 16:19:44,688 - INFO - Kafka producer initialized
2026-02-06 16:19:44,690 - INFO - Kafka consumer subscribed to topic: ml_input_topic
INFO:     Started server process [21707]
INFO:     Waiting for application startup.
INFO:     Application startup complete.
INFO:     Uvicorn running on http://0.0.0.0:8100 (Press CTRL+C to quit)
2026-02-06 16:19:46,692 - INFO - FastAPI server and Kafka consumer threads started.
FastAPI and Kafka service is running.  Press Ctrl+C to stop.
2026-02-06 16:19:46,792 - ERROR - Consumer error: KafkaError{code=UNKNOWN_TOPIC_OR_PART,val=3,str="Subscribed topic not available: ml_input_topic: Broker: Unknown topic or partition"}
2026-02-06 16:19:46,793 - INFO - Kafka consumer stopped.
INFO:     127.0.0.1:60318 - "GET /health HTTP/1.1" 200 OK
2026-02-06 16:20:15,972 - INFO - Received HTTP prediction request: input_data={'dteday': ['2026-02-06'], 'season': [1], 'yr': [1], 'mnth': [2], 'hr': [12], 'holiday': [False], 'weekday': [5], 'workingday': [True], 'weathersit': [1], 'temp': [0.5], 'atemp': [0.5], 'hum': [0.5], 'windspeed': [0.1], 'casual': [10], 'registered': [100]}
2026-02-06 16:20:16,130 - INFO - HTTP prediction result: result={'inference': [160], 'quality': 1, 'error': None}
INFO:     127.0.0.1:38494 - "POST /predict HTTP/1.1" 200 OK
